<?xml version="1.0" encoding="UTF-8"?>
<!-- Generated by org.testng.reporters.JUnitReportReporter -->
<testsuite hostname="DESKTOP-PPPCQLK" failures="0" tests="2" name="TestPages.AddCustTest" time="36.266" errors="0" timestamp="2021-12-13T00:49:27 IST" skipped="0">
  <testcase classname="TestPages.AddCustTest" name="ValidateLogin" time="15.130"/>
  <system-out/>
  <testcase classname="TestPages.AddCustTest" name="AddcustDetails" time="21.136"/>
  <system-out/>
</testsuite> <!-- TestPages.AddCustTest -->
